Arguments: 
  /usr/local/Cellar/node/11.2.0/bin/node /Users/liuqi/.npm-packages/bin/yarn start

PATH: 
  /users/liuqi/.rvm/gems/ruby-2.5.1/bin:/users/liuqi/.rvm/gems/ruby-2.5.1@global/bin:/users/liuqi/.rvm/rubies/ruby-2.5.1/bin:/usr/local/bin:/usr/bin:/bin:/usr/sbin:/sbin:/Users/liuqi/.rvm/bin:/Users/liuqi/Desktop/nand2tetris/tools:/Users/liuqi/.npm-packages/bin:/Applications/Racket/bin:/Library/Frameworks/Python.framework/Versions/3.7/lib/python3.7/site-packages:/Library/Frameworks/Python.framework/Versions/3.7/bin:/Users/liuqi/bin

Yarn version: 
  1.17.3

Node version: 
  10.16.3

Platform: 
  darwin x64

Trace: 
  SyntaxError: /Users/liuqi/projects/mario/package.json: Unexpected token } in JSON at position 167
      at JSON.parse (<anonymous>)
      at /Users/liuqi/.npm-packages/lib/node_modules/yarn/lib/cli.js:1625:59
      at Generator.next (<anonymous>)
      at step (/Users/liuqi/.npm-packages/lib/node_modules/yarn/lib/cli.js:304:30)
      at /Users/liuqi/.npm-packages/lib/node_modules/yarn/lib/cli.js:315:13

npm manifest: 
  {
    "name": "mario",
    "version": "1.0.0",
    "main": "index.js",
    "license": "MIT",
    "scripts": {
      "start": "parcel ./src/index.html ./src/editor/editor.html",
    },
    "devDependencies": {
      "typescript": "^3.9.5"
    }
  }

yarn manifest: 
  No manifest

Lockfile: 
  # THIS IS AN AUTOGENERATED FILE. DO NOT EDIT THIS FILE DIRECTLY.
  # yarn lockfile v1
  
  
  typescript@^3.9.5:
    version "3.9.5"
    resolved "https://registry.npm.taobao.org/typescript/download/typescript-3.9.5.tgz?cache=0&sync_timestamp=1592203629411&other_urls=https%3A%2F%2Fregistry.npm.taobao.org%2Ftypescript%2Fdownload%2Ftypescript-3.9.5.tgz#586f0dba300cde8be52dd1ac4f7e1009c1b13f36"
    integrity sha1-WG8NujAM3ovlLdGsT34QCcGxPzY=
